<?xml version="1.0" encoding="UTF-8"?>
<!-- Generated by org.testng.reporters.JUnitReportReporter -->
<testsuite skipped="0" hostname="LAPTOP-GGRQII7R" name="com.testcases.TestCase" tests="1" failures="0" timestamp="2020-09-18T12:03:43 PDT" time="34.165" errors="0">
  <testcase name="basicTest" time="34.165" classname="com.testcases.TestCase"/>
  <system-out/>
</testsuite> <!-- com.testcases.TestCase -->
